To: philiparudy@gmail.com; Subject: New submission from Contact Seller; Headers: From: "philiparudy@gmail.com" <philiparudy@gmail.com>, Content-type: text/html; charset=UTF-8; Attachments: ; Time: 2023-09-05 11:41:29
To: philiparudy@gmail.com; Subject: New submission from Contact Seller; Headers: From: "philiparudy@gmail.com" <philiparudy@gmail.com>, Content-type: text/html; charset=UTF-8; Attachments: ; Time: 2023-09-05 12:05:31
To: philiparudy@gmail.com; Subject: WP Mail SMTP Automatic Email Test; Headers: X-Mailer-Type:WPMailSMTP/Admin/SetupWizard/Test; Attachments: ; Time: 2023-09-05 12:45:27
To: philiparudy@gmail.com; Subject: New submission from Contact Seller; Headers: From: "philiparudy@gmail.com" <philiparudy@gmail.com>, Content-type: text/html; charset=UTF-8; Attachments: ; Time: 2023-09-05 12:54:39
To: philiparudy@gmail.com; Subject: New submission from Contact Seller; Headers: From: "philiparudy@gmail.com" <philiparudy@gmail.com>, Content-type: text/html; charset=UTF-8; Attachments: ; Time: 2023-09-05 13:08:24
To: philiparudy@gmail.com; Subject: New submission from Contact Seller; Headers: From: "philiparudy@gmail.com" <philiparudy@gmail.com>, Content-type: text/html; charset=UTF-8; Attachments: ; Time: 2023-09-05 13:08:57
To: me+testform@philiparudy.com; Subject: Welcome to Concrete Iron; Headers: Content-Type: text/html; charset=UTF-8; Attachments: ; Time: 2023-09-05 15:48:19
To: philiparudy@gmail.com; Subject: Concrete Iron | New Listing Submitted; Headers: Content-Type: text/html; charset=UTF-8; Attachments: ; Time: 2023-09-05 15:50:11
To: philiparudy@gmail.com; Subject: [Concrete Iron]: New order #4016; Headers: Content-Type: text/html
Reply-to: Philip Rudy <me+testform@philiparudy.com>
; Attachments: ; Time: 2023-09-05 15:51:08
To: me+testform@philiparudy.com; Subject: Your Concrete Iron order has been received!; Headers: Content-Type: text/html
Reply-to: Concrete Iron <philiparudy@gmail.com>
; Attachments: ; Time: 2023-09-05 15:51:09
To: philiparudy@gmail.com; Subject: New submission from Contact Seller; Headers: From: "philiparudy@gmail.com" <philiparudy@gmail.com>, Content-type: text/html; charset=UTF-8; Attachments: ; Time: 2023-09-05 15:51:57
To: philiparudy@gmail.com; Subject: New submission from Contact Seller; Headers: From: "philiparudy@gmail.com" <philiparudy@gmail.com>, Content-type: text/html; charset=UTF-8; Attachments: ; Time: 2023-09-05 16:01:23
To: philiparudy@gmail.com; Subject: New submission from Contact Seller; Headers: From: "philiparudy@gmail.com" <philiparudy@gmail.com>, Content-type: text/html; charset=UTF-8; Attachments: ; Time: 2023-09-05 16:05:59
To: philiparudy@gmail.com; Subject: New submission from Contact Seller; Headers: From: "philiparudy@gmail.com" <philiparudy@gmail.com>, Content-type: text/html; charset=UTF-8; Attachments: ; Time: 2023-09-05 16:07:45
To: philiparudy@gmail.com; Subject: New submission from Contact Seller; Headers: From: "philiparudy@gmail.com" <philiparudy@gmail.com>, Content-type: text/html; charset=UTF-8; Attachments: ; Time: 2023-09-05 16:09:50
To: philiparudy@gmail.com; Subject: New submission from Contact Seller; Headers: From: "philiparudy@gmail.com" <philiparudy@gmail.com>, Content-type: text/html; charset=UTF-8; Attachments: ; Time: 2023-09-05 16:12:30
To: philiparudy@gmail.com; Subject: New submission from Contact Seller; Headers: From: "philiparudy@gmail.com" <philiparudy@gmail.com>, Content-type: text/html; charset=UTF-8; Attachments: ; Time: 2023-09-05 16:15:25
To: philiparudy@gmail.com; Subject: ConcreteIron.com Lead; Headers: From: "philiparudy@gmail.com" <philiparudy@gmail.com>, Content-type: text/html; charset=UTF-8; Attachments: ; Time: 2023-09-05 16:31:45
To: philiparudy@gmail.com; Subject: ConcreteIron.com Lead; Headers: From: "philiparudy@gmail.com" <philiparudy@gmail.com>, Content-type: text/html; charset=UTF-8; Attachments: ; Time: 2023-09-05 17:34:40
To: philiparudy@gmail.com; Subject: ConcreteIron.com Lead; Headers: From: "philiparudy@gmail.com" <philiparudy@gmail.com>, Content-type: text/html; charset=UTF-8; Attachments: ; Time: 2023-09-05 17:40:28
To: philiparudy@gmail.com; Subject: ConcreteIron.com Lead; Headers: From: "philiparudy@gmail.com" <philiparudy@gmail.com>, Content-type: text/html; charset=UTF-8; Attachments: ; Time: 2023-09-05 17:58:45
To: philiparudy@gmail.com; Subject: ConcreteIron.com Lead; Headers: From: "philiparudy@gmail.com" <philiparudy@gmail.com>, Content-type: text/html; charset=UTF-8; Attachments: ; Time: 2023-09-05 18:44:23
To: philiparudy@gmail.com; Subject: ConcreteIron.com Lead; Headers: From: "philiparudy@gmail.com" <philiparudy@gmail.com>, Content-type: text/html; charset=UTF-8; Attachments: ; Time: 2023-09-05 18:51:01
To: philiparudy@gmail.com; Subject: ConcreteIron.com Lead; Headers: From: "philiparudy@gmail.com" <philiparudy@gmail.com>, Content-type: text/html; charset=UTF-8; Attachments: ; Time: 2023-09-05 19:21:36
To: philiparudy@gmail.com; Subject: ConcreteIron.com Lead; Headers: From: "philiparudy@gmail.com" <philiparudy@gmail.com>, Content-type: text/html; charset=UTF-8; Attachments: ; Time: 2023-09-05 19:43:20
To: philiparudy@gmail.com; Subject: ConcreteIron.com Lead; Headers: From: "philiparudy@gmail.com" <philiparudy@gmail.com>, Content-type: text/html; charset=UTF-8; Attachments: ; Time: 2023-09-05 20:06:32
