2023-05-30T13:25:34+00:00 CRITICAL syntax error, unexpected '.', expecting variable (T_VARIABLE) in C:\MAMP\htdocs\concreteiron\wordpress\wp-content\plugins\lisfinity-core\includes\src\REST_API\Dashboard\DashboardRoute.php on line 460

2023-05-30T13:26:46+00:00 CRITICAL syntax error, unexpected '.', expecting variable (T_VARIABLE) in C:\MAMP\htdocs\concreteiron\wordpress\wp-content\plugins\lisfinity-core\includes\src\REST_API\Dashboard\DashboardRoute.php on line 460

2023-05-30T13:27:50+00:00 CRITICAL Maximum execution time of 30 seconds exceeded in C:\MAMP\htdocs\concreteiron\wordpress\wp-content\plugins\lisfinity-core\includes\src\Shortcodes\Controls\ProductSingle\Group_Control_Single_Product_Specification_Multiple_Value_Typography.php on line 9

2023-05-30T13:27:54+00:00 CRITICAL Maximum execution time of 30 seconds exceeded in C:\MAMP\htdocs\concreteiron\wordpress\wp-content\plugins\google-listings-and-ads\src\API\Site\Controllers\Ads\ReportsController.php on line 13

2023-05-30T13:28:09+00:00 CRITICAL Maximum execution time of 30 seconds exceeded in C:\MAMP\htdocs\concreteiron\wordpress\wp-includes\functions.php on line 6679

2023-05-30T17:27:46+00:00 CRITICAL Maximum execution time of 30 seconds exceeded in C:\MAMP\htdocs\concreteiron\wordpress\wp-content\plugins\gravityforms\includes\form-editor\choices-ui\config\class-gf-choices-ui-config-i18n.php on line 37

2023-05-30T18:09:41+00:00 CRITICAL Allowed memory size of 134217728 bytes exhausted (tried to allocate 20480 bytes) in C:\MAMP\htdocs\concreteiron\wordpress\wp-includes\blocks\blocks-json.php on line 1

2023-05-30T18:21:12+00:00 CRITICAL Allowed memory size of 134217728 bytes exhausted (tried to allocate 32768 bytes) in C:\MAMP\htdocs\concreteiron\wordpress\wp-includes\blocks\blocks-json.php on line 1

2023-05-30T19:00:23+00:00 CRITICAL Maximum execution time of 30 seconds exceeded in C:\MAMP\htdocs\concreteiron\wordpress\wp-content\plugins\facebook-for-woocommerce\vendor\skyverge\wc-plugin-framework\woocommerce\class-sv-wc-plugin.php on line 27

2023-05-30T19:01:19+00:00 CRITICAL Maximum execution time of 30 seconds exceeded in C:\MAMP\htdocs\concreteiron\wordpress\wp-content\plugins\elementor\includes\controls\deprecated-notice.php on line 4

2023-05-30T19:01:19+00:00 CRITICAL Maximum execution time of 30 seconds exceeded in C:\MAMP\htdocs\concreteiron\wordpress\wp-content\plugins\elementor\includes\controls\deprecated-notice.php on line 4

2023-05-30T19:27:46+00:00 CRITICAL Maximum execution time of 30 seconds exceeded in C:\MAMP\htdocs\concreteiron\wordpress\wp-admin\includes\class-wp-screen.php on line 1358

2023-05-30T22:01:33+00:00 CRITICAL Maximum execution time of 30 seconds exceeded in C:\MAMP\htdocs\concreteiron\wordpress\wp-content\plugins\woocommerce\includes\wc-template-functions.php on line 77

2023-05-30T22:10:48+00:00 CRITICAL Uncaught Error: Call to undefined method Lisfinity\REST_API\Products\ProductsRoute::get_package_and_promotions_data() in C:\MAMP\htdocs\concreteiron\wordpress\wp-content\plugins\lisfinity-core\includes\src\REST_API\Products\ProductsRoute.php:1288
Stack trace:
#0 C:\MAMP\htdocs\concreteiron\wordpress\wp-includes\rest-api\class-wp-rest-server.php(1181): Lisfinity\REST_API\Products\ProductsRoute->get_package_and_promotions()
#1 C:\MAMP\htdocs\concreteiron\wordpress\wp-includes\rest-api\class-wp-rest-server.php(1028): WP_REST_Server->respond_to_request()
#2 C:\MAMP\htdocs\concreteiron\wordpress\wp-includes\rest-api\class-wp-rest-server.php(442): WP_REST_Server->dispatch()
#3 C:\MAMP\htdocs\concreteiron\wordpress\wp-includes\rest-api.php(410): WP_REST_Server->serve_request()
#4 C:\MAMP\htdocs\concreteiron\wordpress\wp-includes\class-wp-hook.php(308): rest_api_loaded()
#5 C:\MAMP\htdocs\concreteiron\wordpress\wp-includes\class-wp-hook.php(332): WP_Hook->apply_filters()
#6 C:\MAMP\htdocs\concreteiron\wordpress\wp-in in C:\MAMP\htdocs\concreteiron\wordpress\wp-content\plugins\lisfinity-core\includes\src\REST_API\Products\ProductsRoute.php on line 1288

2023-05-30T22:12:33+00:00 CRITICAL Uncaught Error: Call to undefined method Lisfinity\REST_API\Products\ProductsRoute::get_package_and_promotions_data() in C:\MAMP\htdocs\concreteiron\wordpress\wp-content\plugins\lisfinity-core\includes\src\REST_API\Products\ProductsRoute.php:1288
Stack trace:
#0 C:\MAMP\htdocs\concreteiron\wordpress\wp-includes\rest-api\class-wp-rest-server.php(1181): Lisfinity\REST_API\Products\ProductsRoute->get_package_and_promotions()
#1 C:\MAMP\htdocs\concreteiron\wordpress\wp-includes\rest-api\class-wp-rest-server.php(1028): WP_REST_Server->respond_to_request()
#2 C:\MAMP\htdocs\concreteiron\wordpress\wp-includes\rest-api\class-wp-rest-server.php(442): WP_REST_Server->dispatch()
#3 C:\MAMP\htdocs\concreteiron\wordpress\wp-includes\rest-api.php(410): WP_REST_Server->serve_request()
#4 C:\MAMP\htdocs\concreteiron\wordpress\wp-includes\class-wp-hook.php(308): rest_api_loaded()
#5 C:\MAMP\htdocs\concreteiron\wordpress\wp-includes\class-wp-hook.php(332): WP_Hook->apply_filters()
#6 C:\MAMP\htdocs\concreteiron\wordpress\wp-in in C:\MAMP\htdocs\concreteiron\wordpress\wp-content\plugins\lisfinity-core\includes\src\REST_API\Products\ProductsRoute.php on line 1288

