2023-05-02T21:53:24+00:00 CRITICAL Uncaught ArgumentCountError: Too few arguments to function lisfinity_packages_enabled(), 0 passed in C:\MAMP\htdocs\concreteiron\wordpress\wp-content\plugins\lisfinity-core\includes\src\REST_API\Forms\FormSubmitRoute.php on line 112 and exactly 1 expected in C:\MAMP\htdocs\concreteiron\wordpress\wp-content\plugins\lisfinity-core\includes\functions\lisfinity-functions.php:2647
Stack trace:
#0 C:\MAMP\htdocs\concreteiron\wordpress\wp-content\plugins\lisfinity-core\includes\src\REST_API\Forms\FormSubmitRoute.php(112): lisfinity_packages_enabled()
#1 C:\MAMP\htdocs\concreteiron\wordpress\wp-includes\rest-api\class-wp-rest-server.php(1181): Lisfinity\REST_API\Forms\FormSubmitRoute->product_fields(Object(WP_REST_Request))
#2 C:\MAMP\htdocs\concreteiron\wordpress\wp-includes\rest-api\class-wp-rest-server.php(1028): WP_REST_Server->respond_to_request(Object(WP_REST_Request), '/lisfinity/v1/p...', Array, NULL)
#3 C:\MAMP\htdocs\concreteiron\wordpress\wp-includes\rest-api\class-wp-rest-server.php(442): WP_REST_Server-> in C:\MAMP\htdocs\concreteiron\wordpress\wp-content\plugins\lisfinity-core\includes\functions\lisfinity-functions.php on line 2647

2023-05-02T21:53:24+00:00 CRITICAL Uncaught ArgumentCountError: Too few arguments to function lisfinity_packages_enabled(), 0 passed in C:\MAMP\htdocs\concreteiron\wordpress\wp-content\plugins\lisfinity-core\includes\src\REST_API\Forms\FormSubmitRoute.php on line 112 and exactly 1 expected in C:\MAMP\htdocs\concreteiron\wordpress\wp-content\plugins\lisfinity-core\includes\functions\lisfinity-functions.php:2647
Stack trace:
#0 C:\MAMP\htdocs\concreteiron\wordpress\wp-content\plugins\lisfinity-core\includes\src\REST_API\Forms\FormSubmitRoute.php(112): lisfinity_packages_enabled()
#1 C:\MAMP\htdocs\concreteiron\wordpress\wp-includes\rest-api\class-wp-rest-server.php(1181): Lisfinity\REST_API\Forms\FormSubmitRoute->product_fields(Object(WP_REST_Request))
#2 C:\MAMP\htdocs\concreteiron\wordpress\wp-includes\rest-api\class-wp-rest-server.php(1028): WP_REST_Server->respond_to_request(Object(WP_REST_Request), '/lisfinity/v1/p...', Array, NULL)
#3 C:\MAMP\htdocs\concreteiron\wordpress\wp-includes\rest-api\class-wp-rest-server.php(442): WP_REST_Server-> in C:\MAMP\htdocs\concreteiron\wordpress\wp-content\plugins\lisfinity-core\includes\functions\lisfinity-functions.php on line 2647

2023-05-02T21:54:34+00:00 CRITICAL Uncaught ArgumentCountError: Too few arguments to function lisfinity_packages_enabled(), 0 passed in C:\MAMP\htdocs\concreteiron\wordpress\wp-content\plugins\lisfinity-core\includes\src\REST_API\Forms\FormSubmitRoute.php on line 112 and exactly 1 expected in C:\MAMP\htdocs\concreteiron\wordpress\wp-content\plugins\lisfinity-core\includes\functions\lisfinity-functions.php:2647
Stack trace:
#0 C:\MAMP\htdocs\concreteiron\wordpress\wp-content\plugins\lisfinity-core\includes\src\REST_API\Forms\FormSubmitRoute.php(112): lisfinity_packages_enabled()
#1 C:\MAMP\htdocs\concreteiron\wordpress\wp-includes\rest-api\class-wp-rest-server.php(1181): Lisfinity\REST_API\Forms\FormSubmitRoute->product_fields(Object(WP_REST_Request))
#2 C:\MAMP\htdocs\concreteiron\wordpress\wp-includes\rest-api\class-wp-rest-server.php(1028): WP_REST_Server->respond_to_request(Object(WP_REST_Request), '/lisfinity/v1/p...', Array, NULL)
#3 C:\MAMP\htdocs\concreteiron\wordpress\wp-includes\rest-api\class-wp-rest-server.php(442): WP_REST_Server-> in C:\MAMP\htdocs\concreteiron\wordpress\wp-content\plugins\lisfinity-core\includes\functions\lisfinity-functions.php on line 2647

2023-05-02T21:54:36+00:00 CRITICAL Uncaught ArgumentCountError: Too few arguments to function lisfinity_packages_enabled(), 0 passed in C:\MAMP\htdocs\concreteiron\wordpress\wp-content\plugins\lisfinity-core\includes\src\REST_API\Forms\FormSubmitRoute.php on line 112 and exactly 1 expected in C:\MAMP\htdocs\concreteiron\wordpress\wp-content\plugins\lisfinity-core\includes\functions\lisfinity-functions.php:2647
Stack trace:
#0 C:\MAMP\htdocs\concreteiron\wordpress\wp-content\plugins\lisfinity-core\includes\src\REST_API\Forms\FormSubmitRoute.php(112): lisfinity_packages_enabled()
#1 C:\MAMP\htdocs\concreteiron\wordpress\wp-includes\rest-api\class-wp-rest-server.php(1181): Lisfinity\REST_API\Forms\FormSubmitRoute->product_fields(Object(WP_REST_Request))
#2 C:\MAMP\htdocs\concreteiron\wordpress\wp-includes\rest-api\class-wp-rest-server.php(1028): WP_REST_Server->respond_to_request(Object(WP_REST_Request), '/lisfinity/v1/p...', Array, NULL)
#3 C:\MAMP\htdocs\concreteiron\wordpress\wp-includes\rest-api\class-wp-rest-server.php(442): WP_REST_Server-> in C:\MAMP\htdocs\concreteiron\wordpress\wp-content\plugins\lisfinity-core\includes\functions\lisfinity-functions.php on line 2647

2023-05-02T22:06:59+00:00 CRITICAL Uncaught ArgumentCountError: Too few arguments to function lisfinity_packages_enabled(), 0 passed in C:\MAMP\htdocs\concreteiron\wordpress\wp-content\plugins\lisfinity-core\includes\src\REST_API\Forms\FormSubmitRoute.php on line 112 and exactly 1 expected in C:\MAMP\htdocs\concreteiron\wordpress\wp-content\plugins\lisfinity-core\includes\functions\lisfinity-functions.php:2647
Stack trace:
#0 C:\MAMP\htdocs\concreteiron\wordpress\wp-content\plugins\lisfinity-core\includes\src\REST_API\Forms\FormSubmitRoute.php(112): lisfinity_packages_enabled()
#1 C:\MAMP\htdocs\concreteiron\wordpress\wp-includes\rest-api\class-wp-rest-server.php(1181): Lisfinity\REST_API\Forms\FormSubmitRoute->product_fields(Object(WP_REST_Request))
#2 C:\MAMP\htdocs\concreteiron\wordpress\wp-includes\rest-api\class-wp-rest-server.php(1028): WP_REST_Server->respond_to_request(Object(WP_REST_Request), '/lisfinity/v1/p...', Array, NULL)
#3 C:\MAMP\htdocs\concreteiron\wordpress\wp-includes\rest-api\class-wp-rest-server.php(442): WP_REST_Server-> in C:\MAMP\htdocs\concreteiron\wordpress\wp-content\plugins\lisfinity-core\includes\functions\lisfinity-functions.php on line 2647

2023-05-02T22:08:26+00:00 CRITICAL Uncaught ArgumentCountError: Too few arguments to function lisfinity_packages_enabled(), 0 passed in C:\MAMP\htdocs\concreteiron\wordpress\wp-content\plugins\lisfinity-core\includes\src\REST_API\Forms\FormSubmitRoute.php on line 112 and exactly 1 expected in C:\MAMP\htdocs\concreteiron\wordpress\wp-content\plugins\lisfinity-core\includes\functions\lisfinity-functions.php:2647
Stack trace:
#0 C:\MAMP\htdocs\concreteiron\wordpress\wp-content\plugins\lisfinity-core\includes\src\REST_API\Forms\FormSubmitRoute.php(112): lisfinity_packages_enabled()
#1 C:\MAMP\htdocs\concreteiron\wordpress\wp-includes\rest-api\class-wp-rest-server.php(1181): Lisfinity\REST_API\Forms\FormSubmitRoute->product_fields(Object(WP_REST_Request))
#2 C:\MAMP\htdocs\concreteiron\wordpress\wp-includes\rest-api\class-wp-rest-server.php(1028): WP_REST_Server->respond_to_request(Object(WP_REST_Request), '/lisfinity/v1/p...', Array, NULL)
#3 C:\MAMP\htdocs\concreteiron\wordpress\wp-includes\rest-api\class-wp-rest-server.php(442): WP_REST_Server-> in C:\MAMP\htdocs\concreteiron\wordpress\wp-content\plugins\lisfinity-core\includes\functions\lisfinity-functions.php on line 2647

2023-05-02T22:08:37+00:00 CRITICAL Uncaught ArgumentCountError: Too few arguments to function lisfinity_packages_enabled(), 0 passed in C:\MAMP\htdocs\concreteiron\wordpress\wp-content\plugins\lisfinity-core\includes\src\REST_API\Forms\FormSubmitRoute.php on line 112 and exactly 1 expected in C:\MAMP\htdocs\concreteiron\wordpress\wp-content\plugins\lisfinity-core\includes\functions\lisfinity-functions.php:2647
Stack trace:
#0 C:\MAMP\htdocs\concreteiron\wordpress\wp-content\plugins\lisfinity-core\includes\src\REST_API\Forms\FormSubmitRoute.php(112): lisfinity_packages_enabled()
#1 C:\MAMP\htdocs\concreteiron\wordpress\wp-includes\rest-api\class-wp-rest-server.php(1181): Lisfinity\REST_API\Forms\FormSubmitRoute->product_fields(Object(WP_REST_Request))
#2 C:\MAMP\htdocs\concreteiron\wordpress\wp-includes\rest-api\class-wp-rest-server.php(1028): WP_REST_Server->respond_to_request(Object(WP_REST_Request), '/lisfinity/v1/p...', Array, NULL)
#3 C:\MAMP\htdocs\concreteiron\wordpress\wp-includes\rest-api\class-wp-rest-server.php(442): WP_REST_Server-> in C:\MAMP\htdocs\concreteiron\wordpress\wp-content\plugins\lisfinity-core\includes\functions\lisfinity-functions.php on line 2647

2023-05-02T22:09:36+00:00 CRITICAL Uncaught ArgumentCountError: Too few arguments to function lisfinity_packages_enabled(), 0 passed in C:\MAMP\htdocs\concreteiron\wordpress\wp-content\plugins\lisfinity-core\includes\src\REST_API\Forms\FormSubmitRoute.php on line 114 and exactly 1 expected in C:\MAMP\htdocs\concreteiron\wordpress\wp-content\plugins\lisfinity-core\includes\functions\lisfinity-functions.php:2647
Stack trace:
#0 C:\MAMP\htdocs\concreteiron\wordpress\wp-content\plugins\lisfinity-core\includes\src\REST_API\Forms\FormSubmitRoute.php(114): lisfinity_packages_enabled()
#1 C:\MAMP\htdocs\concreteiron\wordpress\wp-includes\rest-api\class-wp-rest-server.php(1181): Lisfinity\REST_API\Forms\FormSubmitRoute->product_fields(Object(WP_REST_Request))
#2 C:\MAMP\htdocs\concreteiron\wordpress\wp-includes\rest-api\class-wp-rest-server.php(1028): WP_REST_Server->respond_to_request(Object(WP_REST_Request), '/lisfinity/v1/p...', Array, NULL)
#3 C:\MAMP\htdocs\concreteiron\wordpress\wp-includes\rest-api\class-wp-rest-server.php(442): WP_REST_Server-> in C:\MAMP\htdocs\concreteiron\wordpress\wp-content\plugins\lisfinity-core\includes\functions\lisfinity-functions.php on line 2647

2023-05-02T22:09:46+00:00 CRITICAL Uncaught ArgumentCountError: Too few arguments to function lisfinity_packages_enabled(), 0 passed in C:\MAMP\htdocs\concreteiron\wordpress\wp-content\plugins\lisfinity-core\includes\src\REST_API\Forms\FormSubmitRoute.php on line 114 and exactly 1 expected in C:\MAMP\htdocs\concreteiron\wordpress\wp-content\plugins\lisfinity-core\includes\functions\lisfinity-functions.php:2647
Stack trace:
#0 C:\MAMP\htdocs\concreteiron\wordpress\wp-content\plugins\lisfinity-core\includes\src\REST_API\Forms\FormSubmitRoute.php(114): lisfinity_packages_enabled()
#1 C:\MAMP\htdocs\concreteiron\wordpress\wp-includes\rest-api\class-wp-rest-server.php(1181): Lisfinity\REST_API\Forms\FormSubmitRoute->product_fields(Object(WP_REST_Request))
#2 C:\MAMP\htdocs\concreteiron\wordpress\wp-includes\rest-api\class-wp-rest-server.php(1028): WP_REST_Server->respond_to_request(Object(WP_REST_Request), '/lisfinity/v1/p...', Array, NULL)
#3 C:\MAMP\htdocs\concreteiron\wordpress\wp-includes\rest-api\class-wp-rest-server.php(442): WP_REST_Server-> in C:\MAMP\htdocs\concreteiron\wordpress\wp-content\plugins\lisfinity-core\includes\functions\lisfinity-functions.php on line 2647

2023-05-02T22:10:02+00:00 CRITICAL Uncaught ArgumentCountError: Too few arguments to function lisfinity_packages_enabled(), 0 passed in C:\MAMP\htdocs\concreteiron\wordpress\wp-content\plugins\lisfinity-core\includes\src\REST_API\Forms\FormSubmitRoute.php on line 114 and exactly 1 expected in C:\MAMP\htdocs\concreteiron\wordpress\wp-content\plugins\lisfinity-core\includes\functions\lisfinity-functions.php:2647
Stack trace:
#0 C:\MAMP\htdocs\concreteiron\wordpress\wp-content\plugins\lisfinity-core\includes\src\REST_API\Forms\FormSubmitRoute.php(114): lisfinity_packages_enabled()
#1 C:\MAMP\htdocs\concreteiron\wordpress\wp-includes\rest-api\class-wp-rest-server.php(1181): Lisfinity\REST_API\Forms\FormSubmitRoute->product_fields(Object(WP_REST_Request))
#2 C:\MAMP\htdocs\concreteiron\wordpress\wp-includes\rest-api\class-wp-rest-server.php(1028): WP_REST_Server->respond_to_request(Object(WP_REST_Request), '/lisfinity/v1/p...', Array, NULL)
#3 C:\MAMP\htdocs\concreteiron\wordpress\wp-includes\rest-api\class-wp-rest-server.php(442): WP_REST_Server-> in C:\MAMP\htdocs\concreteiron\wordpress\wp-content\plugins\lisfinity-core\includes\functions\lisfinity-functions.php on line 2647

