2023-04-05T14:33:52+00:00 CRITICAL Uncaught Error: Using $this when not in object context in C:\MAMP\htdocs\concreteiron\wordpress\wp-includes\rest-api\class-wp-rest-server.php:865
Stack trace:
#0 C:\MAMP\htdocs\concreteiron\wordpress\wp-content\themes\lisfinity\lisfinity\functions.php(214): WP_REST_Server::get_routes()
#1 C:\MAMP\htdocs\concreteiron\wordpress\wp-settings.php(591): include('C:\\MAMP\\htdocs\\...')
#2 C:\MAMP\htdocs\concreteiron\wordpress\wp-config.php(97): require_once('C:\\MAMP\\htdocs\\...')
#3 C:\MAMP\htdocs\concreteiron\wordpress\wp-load.php(50): require_once('C:\\MAMP\\htdocs\\...')
#4 C:\MAMP\htdocs\concreteiron\wordpress\wp-blog-header.php(13): require_once('C:\\MAMP\\htdocs\\...')
#5 C:\MAMP\htdocs\concreteiron\wordpress\index.php(17): require('C:\\MAMP\\htdocs\\...')
#6 {main}
  thrown in C:\MAMP\htdocs\concreteiron\wordpress\wp-includes\rest-api\class-wp-rest-server.php on line 865

2023-04-05T14:33:53+00:00 CRITICAL Uncaught Error: Using $this when not in object context in C:\MAMP\htdocs\concreteiron\wordpress\wp-includes\rest-api\class-wp-rest-server.php:865
Stack trace:
#0 C:\MAMP\htdocs\concreteiron\wordpress\wp-content\themes\lisfinity\lisfinity\functions.php(214): WP_REST_Server::get_routes()
#1 C:\MAMP\htdocs\concreteiron\wordpress\wp-settings.php(591): include('C:\\MAMP\\htdocs\\...')
#2 C:\MAMP\htdocs\concreteiron\wordpress\wp-config.php(97): require_once('C:\\MAMP\\htdocs\\...')
#3 C:\MAMP\htdocs\concreteiron\wordpress\wp-load.php(50): require_once('C:\\MAMP\\htdocs\\...')
#4 C:\MAMP\htdocs\concreteiron\wordpress\wp-blog-header.php(13): require_once('C:\\MAMP\\htdocs\\...')
#5 C:\MAMP\htdocs\concreteiron\wordpress\index.php(17): require('C:\\MAMP\\htdocs\\...')
#6 {main}
  thrown in C:\MAMP\htdocs\concreteiron\wordpress\wp-includes\rest-api\class-wp-rest-server.php on line 865

