2023-05-19T02:26:41+00:00 CRITICAL Cannot use [] for reading in C:\MAMP\htdocs\concreteiron\wordpress\wp-content\plugins\lisfinity-core\includes\src\REST_API\Products\ProductsRoute.php on line 1142

2023-05-19T02:26:41+00:00 CRITICAL Cannot use [] for reading in C:\MAMP\htdocs\concreteiron\wordpress\wp-content\plugins\lisfinity-core\includes\src\REST_API\Products\ProductsRoute.php on line 1142

2023-05-19T02:26:46+00:00 CRITICAL Cannot use [] for reading in C:\MAMP\htdocs\concreteiron\wordpress\wp-content\plugins\lisfinity-core\includes\src\REST_API\Products\ProductsRoute.php on line 1142

2023-05-19T02:26:46+00:00 CRITICAL Cannot use [] for reading in C:\MAMP\htdocs\concreteiron\wordpress\wp-content\plugins\lisfinity-core\includes\src\REST_API\Products\ProductsRoute.php on line 1142

2023-05-19T02:26:47+00:00 CRITICAL Cannot use [] for reading in C:\MAMP\htdocs\concreteiron\wordpress\wp-content\plugins\lisfinity-core\includes\src\REST_API\Products\ProductsRoute.php on line 1142

2023-05-19T02:53:20+00:00 CRITICAL Cannot use [] for reading in C:\MAMP\htdocs\concreteiron\wordpress\wp-content\plugins\lisfinity-core\includes\src\REST_API\Products\ProductsRoute.php on line 1142

2023-05-19T02:53:22+00:00 CRITICAL Cannot use [] for reading in C:\MAMP\htdocs\concreteiron\wordpress\wp-content\plugins\lisfinity-core\includes\src\REST_API\Products\ProductsRoute.php on line 1142

2023-05-19T02:59:23+00:00 CRITICAL Cannot use [] for reading in C:\MAMP\htdocs\concreteiron\wordpress\wp-content\plugins\lisfinity-core\includes\src\REST_API\Products\ProductsRoute.php on line 1142

2023-05-19T02:59:27+00:00 CRITICAL Cannot use [] for reading in C:\MAMP\htdocs\concreteiron\wordpress\wp-content\plugins\lisfinity-core\includes\src\REST_API\Products\ProductsRoute.php on line 1142

2023-05-19T15:13:37+00:00 CRITICAL Uncaught Error: Class 'ProductsRoute' not found in C:\MAMP\htdocs\concreteiron\wordpress\wp-content\plugins\concrete-iron\class-package-products.php:61
Stack trace:
#0 C:\MAMP\htdocs\concreteiron\wordpress\wp-includes\rest-api\class-wp-rest-server.php(1181): Package_Products->get_packages(Object(WP_REST_Request))
#1 C:\MAMP\htdocs\concreteiron\wordpress\wp-includes\rest-api\class-wp-rest-server.php(1028): WP_REST_Server->respond_to_request(Object(WP_REST_Request), '/ci/v1/get_pack...', Array, NULL)
#2 C:\MAMP\htdocs\concreteiron\wordpress\wp-includes\rest-api\class-wp-rest-server.php(442): WP_REST_Server->dispatch(Object(WP_REST_Request))
#3 C:\MAMP\htdocs\concreteiron\wordpress\wp-includes\rest-api.php(410): WP_REST_Server->serve_request('/ci/v1/get_pack...')
#4 C:\MAMP\htdocs\concreteiron\wordpress\wp-includes\class-wp-hook.php(308): rest_api_loaded(Object(WP))
#5 C:\MAMP\htdocs\concreteiron\wordpress\wp-includes\class-wp-hook.php(332): WP_Hook->apply_filters(NULL, Array)
#6 C:\MAMP\htdocs\concreteiron\word in C:\MAMP\htdocs\concreteiron\wordpress\wp-content\plugins\concrete-iron\class-package-products.php on line 61

2023-05-19T15:28:27+00:00 CRITICAL Uncaught Error: Class 'ProductsRoute' not found in C:\MAMP\htdocs\concreteiron\wordpress\wp-content\plugins\concrete-iron\class-package-products.php:61
Stack trace:
#0 C:\MAMP\htdocs\concreteiron\wordpress\wp-includes\rest-api\class-wp-rest-server.php(1181): Package_Products->get_packages(Object(WP_REST_Request))
#1 C:\MAMP\htdocs\concreteiron\wordpress\wp-includes\rest-api\class-wp-rest-server.php(1028): WP_REST_Server->respond_to_request(Object(WP_REST_Request), '/ci/v1/get_pack...', Array, NULL)
#2 C:\MAMP\htdocs\concreteiron\wordpress\wp-includes\rest-api\class-wp-rest-server.php(442): WP_REST_Server->dispatch(Object(WP_REST_Request))
#3 C:\MAMP\htdocs\concreteiron\wordpress\wp-includes\rest-api.php(410): WP_REST_Server->serve_request('/ci/v1/get_pack...')
#4 C:\MAMP\htdocs\concreteiron\wordpress\wp-includes\class-wp-hook.php(308): rest_api_loaded(Object(WP))
#5 C:\MAMP\htdocs\concreteiron\wordpress\wp-includes\class-wp-hook.php(332): WP_Hook->apply_filters(NULL, Array)
#6 C:\MAMP\htdocs\concreteiron\word in C:\MAMP\htdocs\concreteiron\wordpress\wp-content\plugins\concrete-iron\class-package-products.php on line 61

2023-05-19T15:28:39+00:00 CRITICAL Uncaught Error: Class 'ProductsRoute' not found in C:\MAMP\htdocs\concreteiron\wordpress\wp-content\plugins\concrete-iron\class-package-products.php:61
Stack trace:
#0 C:\MAMP\htdocs\concreteiron\wordpress\wp-includes\rest-api\class-wp-rest-server.php(1181): Package_Products->get_packages(Object(WP_REST_Request))
#1 C:\MAMP\htdocs\concreteiron\wordpress\wp-includes\rest-api\class-wp-rest-server.php(1028): WP_REST_Server->respond_to_request(Object(WP_REST_Request), '/ci/v1/get_pack...', Array, NULL)
#2 C:\MAMP\htdocs\concreteiron\wordpress\wp-includes\rest-api\class-wp-rest-server.php(442): WP_REST_Server->dispatch(Object(WP_REST_Request))
#3 C:\MAMP\htdocs\concreteiron\wordpress\wp-includes\rest-api.php(410): WP_REST_Server->serve_request('/ci/v1/get_pack...')
#4 C:\MAMP\htdocs\concreteiron\wordpress\wp-includes\class-wp-hook.php(308): rest_api_loaded(Object(WP))
#5 C:\MAMP\htdocs\concreteiron\wordpress\wp-includes\class-wp-hook.php(332): WP_Hook->apply_filters(NULL, Array)
#6 C:\MAMP\htdocs\concreteiron\word in C:\MAMP\htdocs\concreteiron\wordpress\wp-content\plugins\concrete-iron\class-package-products.php on line 61

2023-05-19T15:58:48+00:00 CRITICAL Cannot declare class App\Carbon\Datasore\KeyValuePair, because the name is already in use in C:\MAMP\htdocs\concreteiron\wordpress\wp-content\plugins\lisfinity-core\includes\datastore.php on line 10

